<?xml version="1.0" encoding="UTF-8"?>
<!-- Generated by org.testng.reporters.JUnitXMLReporter -->
<testsuite ignored="6" hostname="LAPTOP-H3NEN01C" failures="0" tests="7" name="Test" time="123.258" errors="0" timestamp="2021-12-27T15:01:46 IST">
  <testcase classname="com.crm.autodesk.contacttest.CreateContact" name="createContactTest" time="12.862"/>
  <testcase classname="com.crm.autodesk.contacttest.CreateContact" name="demo" time="0.003"/>
  <testcase classname="com.crm.autodesk.orgtest.CreateOrgWithIndustry_Type" name="createContactWithOrgTest" time="13.141"/>
  <testcase classname="com.crm.autodesk.orgtest.CreateOrgWithIndustry_Type" name="demo" time="0.003"/>
  <testcase classname="com.crm.autodesk.contacttest.CreateContactWithOrg" name="createContactWithOrgTest" time="30.943"/>
  <testcase classname="com.crm.autodesk.orgtest.CreateOrg" name="createOrgDemo" time="0.002"/>
  <testcase classname="com.crm.autodesk.orgtest.CreateOrg" name="createOrgTest" time="12.903"/>
  <testcase classname="com.crm.autodest.genericUtility.BaseClass" name="@BeforeSuite dbConnection" time="0.0">
    <ignored/>
  </testcase> <!-- @BeforeSuite dbConnection -->
  <testcase classname="com.crm.autodest.genericUtility.BaseClass" name="@BeforeSuite dbConnection" time="0.0">
    <ignored/>
  </testcase> <!-- @BeforeSuite dbConnection -->
  <testcase classname="com.crm.autodest.genericUtility.BaseClass" name="@BeforeSuite dbConnection" time="0.0">
    <ignored/>
  </testcase> <!-- @BeforeSuite dbConnection -->
  <testcase classname="com.crm.autodest.genericUtility.BaseClass" name="@AfterSuite closeDbConnection" time="0.0">
    <ignored/>
  </testcase> <!-- @AfterSuite closeDbConnection -->
  <testcase classname="com.crm.autodest.genericUtility.BaseClass" name="@AfterSuite closeDbConnection" time="0.0">
    <ignored/>
  </testcase> <!-- @AfterSuite closeDbConnection -->
  <testcase classname="com.crm.autodest.genericUtility.BaseClass" name="@AfterSuite closeDbConnection" time="0.0">
    <ignored/>
  </testcase> <!-- @AfterSuite closeDbConnection -->
</testsuite> <!-- Test -->
