<?xml version="1.0" encoding="UTF-8"?>
<!-- Generated by org.testng.reporters.JUnitXMLReporter -->
<testsuite ignored="2" hostname="LAPTOP-H3NEN01C" failures="0" tests="4" name="TestRunner-2" time="70.215" errors="0" timestamp="2021-12-27T13:17:15 IST">
  <testcase classname="com.crm.autodesk.contacttest.CreateContact" name="createContactTest" time="12.79"/>
  <testcase classname="com.crm.autodesk.contacttest.CreateContact" name="demo" time="0.002"/>
  <testcase classname="com.crm.autodesk.orgtest.CreateOrg" name="createOrgDemo" time="0.001"/>
  <testcase classname="com.crm.autodesk.orgtest.CreateOrg" name="createOrgTest" time="13.597"/>
  <testcase classname="com.crm.autodest.genericUtility.BaseClass" name="@BeforeSuite dbConnection" time="0.0">
    <ignored/>
  </testcase> <!-- @BeforeSuite dbConnection -->
  <testcase classname="com.crm.autodest.genericUtility.BaseClass" name="@AfterSuite closeDbConnection" time="0.0">
    <ignored/>
  </testcase> <!-- @AfterSuite closeDbConnection -->
</testsuite> <!-- TestRunner-2 -->
